1590751763764	mozrunner::runner	INFO	Running command: "/Applications/Firefox.app/Contents/MacOS/firefox-bin" "-marionette" "-foreground" "-no-remote" "-profile" "/var/folders/0t/lkc7_sfs7s74yqb8qk_2v3jc0000gn/T/rust_mozprofileucX5xB"
1590751764252	addons.webextension.doh-rollout@mozilla.org	WARN	Loading extension 'doh-rollout@mozilla.org': Reading manifest: Invalid extension permission: networkStatus
1590751764469	addons.webextension.screenshots@mozilla.org	WARN	Loading extension 'screenshots@mozilla.org': Reading manifest: Invalid extension permission: mozillaAddons
1590751764469	addons.webextension.screenshots@mozilla.org	WARN	Loading extension 'screenshots@mozilla.org': Reading manifest: Invalid extension permission: telemetry
1590751764469	addons.webextension.screenshots@mozilla.org	WARN	Loading extension 'screenshots@mozilla.org': Reading manifest: Invalid extension permission: resource://pdf.js/
1590751764469	addons.webextension.screenshots@mozilla.org	WARN	Loading extension 'screenshots@mozilla.org': Reading manifest: Invalid extension permission: about:reader*
1590751766546	Marionette	INFO	Listening on port 60576
1590751766631	Marionette	WARN	TLS certificate errors will be ignored for this session
_RegisterApplication(), FAILED TO establish the default connection to the WindowServer, _CGSDefaultConnection() is NULL.
1590751773066	Marionette	INFO	Stopped listening on port 60576
1590926090646	mozrunner::runner	INFO	Running command: "/Applications/Firefox.app/Contents/MacOS/firefox-bin" "-marionette" "-foreground" "-no-remote" "-profile" "/var/folders/0t/lkc7_sfs7s74yqb8qk_2v3jc0000gn/T/rust_mozprofileHnxstF"
1590926091900	addons.webextension.doh-rollout@mozilla.org	WARN	Loading extension 'doh-rollout@mozilla.org': Reading manifest: Invalid extension permission: networkStatus
1590926092124	addons.webextension.screenshots@mozilla.org	WARN	Loading extension 'screenshots@mozilla.org': Reading manifest: Invalid extension permission: mozillaAddons
1590926092124	addons.webextension.screenshots@mozilla.org	WARN	Loading extension 'screenshots@mozilla.org': Reading manifest: Invalid extension permission: telemetry
1590926092124	addons.webextension.screenshots@mozilla.org	WARN	Loading extension 'screenshots@mozilla.org': Reading manifest: Invalid extension permission: resource://pdf.js/
1590926092124	addons.webextension.screenshots@mozilla.org	WARN	Loading extension 'screenshots@mozilla.org': Reading manifest: Invalid extension permission: about:reader*
1590926094405	Marionette	INFO	Listening on port 57192
1590926094501	Marionette	WARN	TLS certificate errors will be ignored for this session
1590926172367	mozrunner::runner	INFO	Running command: "/Applications/Firefox.app/Contents/MacOS/firefox-bin" "-marionette" "-foreground" "-no-remote" "-profile" "/var/folders/0t/lkc7_sfs7s74yqb8qk_2v3jc0000gn/T/rust_mozprofilexh2xc4"
1590926172903	addons.webextension.doh-rollout@mozilla.org	WARN	Loading extension 'doh-rollout@mozilla.org': Reading manifest: Invalid extension permission: networkStatus
1590926179118	addons.webextension.screenshots@mozilla.org	WARN	Loading extension 'screenshots@mozilla.org': Reading manifest: Invalid extension permission: mozillaAddons
1590926179118	addons.webextension.screenshots@mozilla.org	WARN	Loading extension 'screenshots@mozilla.org': Reading manifest: Invalid extension permission: telemetry
1590926179118	addons.webextension.screenshots@mozilla.org	WARN	Loading extension 'screenshots@mozilla.org': Reading manifest: Invalid extension permission: resource://pdf.js/
1590926179118	addons.webextension.screenshots@mozilla.org	WARN	Loading extension 'screenshots@mozilla.org': Reading manifest: Invalid extension permission: about:reader*
1590926180985	Marionette	INFO	Listening on port 57645
1590926181016	Marionette	WARN	TLS certificate errors will be ignored for this session
JavaScript error: https://www.misim.gov.il/shaamAngularLib/jsLib/jquery-ui.min.js?gdv=8ae04218-3948-4e89-8d63-c404b360234d, line 5: ReferenceError: jQuery is not defined
JavaScript error: https://www.misim.gov.il/shaamAngularLib/jsLib/bootstrap.min.js?gdv=8ae04218-3948-4e89-8d63-c404b360234d, line 6: Error: Bootstrap's JavaScript requires jQuery
JavaScript error: https://www.misim.gov.il/shaamAngularLib/kendo/kendo.all.min.js?gdv=8ae04218-3948-4e89-8d63-c404b360234d, line 1: ReferenceError: jQuery is not defined
JavaScript error: https://www.misim.gov.il/shaamAngularLib/kendo/kendo.culture.he-IL.min.js?gdv=8ae04218-3948-4e89-8d63-c404b360234d, line 1: ReferenceError: kendo is not defined
JavaScript error: https://www.misim.gov.il/shaamAngularLib/jsLib/angular-translate.js?gdv=8ae04218-3948-4e89-8d63-c404b360234d, line 6: ReferenceError: angular is not defined
JavaScript error: https://www.misim.gov.il/shaamAngularLib/jsLib/angular-translate.min.js?gdv=8ae04218-3948-4e89-8d63-c404b360234d, line 6: ReferenceError: angular is not defined
JavaScript error: https://www.misim.gov.il/svinfonadlan2010/startpageNadlanNewDesign.aspx?ProcessKey=3e778b47-d2ae-4546-a992-fa50cb00663b, line 52: ReferenceError: $ is not defined
JavaScript error: https://www.misim.gov.il/svinfonadlan2010/scripts/startPageNadlanJs.js, line 1: TypeError: $ is not a function
JavaScript error: https://www.misim.gov.il/svinfonadlan2010/scripts/jsInfoNadlan.js, line 1: TypeError: $ is not a function
JavaScript error: https://www.misim.gov.il/svinfonadlan2010/startpageNadlanNewDesign.aspx?ProcessKey=3e778b47-d2ae-4546-a992-fa50cb00663b, line 406: ReferenceError: angular is not defined
JavaScript error: https://www.misim.gov.il/shaamlib/scripts2010/shaamAccessibleButtons.js?gdv=8ae04218-3948-4e89-8d63-c404b360234d, line 1: TypeError: $ is not a function
JavaScript error: https://www.misim.gov.il/shaamAngularLib/jsLib/angular-ui-router.js?gdv=8ae04218-3948-4e89-8d63-c404b360234d, line 7: TypeError: t is undefined
JavaScript error: https://www.misim.gov.il/shaamAngularLib/jsLib/angular-sanitize.js?gdv=8ae04218-3948-4e89-8d63-c404b360234d, line 6: TypeError: t is undefined
JavaScript error: https://www.misim.gov.il/shaamAngularLib/kendo/kendo.angular.min.js?gdv=8ae04218-3948-4e89-8d63-c404b360234d, line 1: TypeError: window.kendo is undefined
JavaScript error: https://www.misim.gov.il/shaamAngularLib/modules/shaam-authentication/shaam-authentication-module.js?gdv=8ae04218-3948-4e89-8d63-c404b360234d, line 1: ReferenceError: angular is not defined
JavaScript error: https://www.misim.gov.il/shaamAngularLib/modules/shaam-authentication/shaam-authentication-config.js?gdv=8ae04218-3948-4e89-8d63-c404b360234d, line 1: ReferenceError: angular is not defined
JavaScript error: https://www.misim.gov.il/shaamAngularLib/modules/shaam-authentication/Services/shaam-authentication-service.js?gdv=8ae04218-3948-4e89-8d63-c404b360234d, line 1: ReferenceError: angular is not defined
JavaScript error: https://www.misim.gov.il/shaamAngularLib/modules/shaam-authentication/directives/login/shaam-login.js?gdv=8ae04218-3948-4e89-8d63-c404b360234d, line 1: ReferenceError: angular is not defined
JavaScript error: https://www.misim.gov.il/shaamAngularLib/modules/shaam-authentication/Services/shaam-user-details-service.js?gdv=8ae04218-3948-4e89-8d63-c404b360234d, line 1: ReferenceError: angular is not defined
JavaScript error: https://www.misim.gov.il/shaamAngularLib/modules/shaam-common/shaam-common-module.js?gdv=8ae04218-3948-4e89-8d63-c404b360234d, line 1: ReferenceError: angular is not defined
JavaScript error: https://www.misim.gov.il/shaamAngularLib/modules/shaam-common/shaam-common-config.js?gdv=8ae04218-3948-4e89-8d63-c404b360234d, line 1: ReferenceError: angular is not defined
JavaScript error: https://www.misim.gov.il/shaamAngularLib/modules/shaam-common/services/shaam-server-api-proxy-service.js?gdv=8ae04218-3948-4e89-8d63-c404b360234d, line 1: ReferenceError: angular is not defined
JavaScript error: https://www.misim.gov.il/shaamAngularLib/modules/shaam-common/services/shaam-url-encode-service.js?gdv=8ae04218-3948-4e89-8d63-c404b360234d, line 1: ReferenceError: angular is not defined
JavaScript error: https://www.misim.gov.il/shaamAngularLib/modules/shaam-common/services/shaam-languages-dictionary.js?gdv=8ae04218-3948-4e89-8d63-c404b360234d, line 1: ReferenceError: angular is not defined
JavaScript error: https://www.misim.gov.il/shaamAngularLib/modules/shaam-common/services/confirm-before-reload.js?gdv=8ae04218-3948-4e89-8d63-c404b360234d, line 1: ReferenceError: angular is not defined
JavaScript error: https://www.misim.gov.il/shaamAngularLib/modules/shaam-common/directives/shaamPdfStreamviewer/shaam-pdf-stream-viewer.js?gdv=8ae04218-3948-4e89-8d63-c404b360234d, line 1: ReferenceError: angular is not defined
JavaScript error: https://www.misim.gov.il/shaamAngularLib/modules/shaam-common/directives/shaamUserSimulator/shaam-user-simulator.js?gdv=8ae04218-3948-4e89-8d63-c404b360234d, line 1: ReferenceError: angular is not defined
JavaScript error: https://www.misim.gov.il/shaamAngularLib/modules/shaam-common/filters/file-extentions-filter.js?gdv=8ae04218-3948-4e89-8d63-c404b360234d, line 1: ReferenceError: angular is not defined
JavaScript error: https://www.misim.gov.il/shaamAngularLib/modules/shaam-ui/shaam-ui-module.js?gdv=8ae04218-3948-4e89-8d63-c404b360234d, line 1: ReferenceError: angular is not defined
JavaScript error: https://www.misim.gov.il/shaamAngularLib/modules/shaam-ui/shaam-ui-config.js?gdv=8ae04218-3948-4e89-8d63-c404b360234d, line 1: ReferenceError: angular is not defined
JavaScript error: https://www.misim.gov.il/shaamAngularLib/modules/shaam-validation/shaam-validation-module.js?gdv=8ae04218-3948-4e89-8d63-c404b360234d, line 1: ReferenceError: angular is not defined
JavaScript error: https://www.misim.gov.il/shaamAngularLib/modules/shaam-validation/directive/shaam-group-validation.js?gdv=8ae04218-3948-4e89-8d63-c404b360234d, line 1: ReferenceError: angular is not defined
JavaScript error: https://www.misim.gov.il/shaamAngularLib/modules/shaam-validation/directive/shaam-input-validation.js?gdv=8ae04218-3948-4e89-8d63-c404b360234d, line 1: ReferenceError: angular is not defined
JavaScript error: https://www.misim.gov.il/shaamAngularLib/modules/shaam-validation/factory/shaam-validators.js?gdv=8ae04218-3948-4e89-8d63-c404b360234d, line 1: TypeError: jQuery is undefined
JavaScript error: https://www.misim.gov.il/shaamAngularLib/modules/shaam-validation/directive/shaam-input-custom-validation.js?gdv=8ae04218-3948-4e89-8d63-c404b360234d, line 1: ReferenceError: angular is not defined
JavaScript error: https://www.misim.gov.il/shaamAngularLib/modules/shaam-ui/directives/DropDownBank/shaam-ddl-bank.js?gdv=8ae04218-3948-4e89-8d63-c404b360234d, line 1: ReferenceError: angular is not defined
JavaScript error: https://www.misim.gov.il/shaamAngularLib/modules/shaam-ui/directives/DropDownAnaf/shaam-ddl-anaf.js?gdv=8ae04218-3948-4e89-8d63-c404b360234d, line 1: ReferenceError: angular is not defined
JavaScript error: https://www.misim.gov.il/shaamAngularLib/modules/shaam-ui/directives/DropDownCountries/shaam-ddl-countries.js?gdv=8ae04218-3948-4e89-8d63-c404b360234d, line 1: ReferenceError: angular is not defined
JavaScript error: https://www.misim.gov.il/shaamAngularLib/modules/shaam-ui/directives/DropDownList/shaam-ddl.js?gdv=8ae04218-3948-4e89-8d63-c404b360234d, line 1: ReferenceError: angular is not defined
JavaScript error: https://www.misim.gov.il/shaamAngularLib/modules/shaam-ui/directives/DropDownListFromLocalSrc/shaam-ddl-local-src.js?gdv=8ae04218-3948-4e89-8d63-c404b360234d, line 1: ReferenceError: angular is not defined
JavaScript error: https://www.misim.gov.il/shaamAngularLib/modules/shaam-ui/directives/fileUpload/shaam-file-upload.js?gdv=8ae04218-3948-4e89-8d63-c404b360234d, line 1: ReferenceError: angular is not defined
JavaScript error: https://www.misim.gov.il/shaamAngularLib/modules/shaam-ui/directives/textEditor/shaam-text-editor.js?gdv=8ae04218-3948-4e89-8d63-c404b360234d, line 1: ReferenceError: angular is not defined
JavaScript error: https://www.misim.gov.il/shaamAngularLib/modules/shaam-ui/directives/DatePicker/shaam-date-picker.js?gdv=8ae04218-3948-4e89-8d63-c404b360234d, line 1: ReferenceError: kendo is not defined
JavaScript error: https://www.misim.gov.il/shaamAngularLib/modules/shaam-ui/directives/DatePickerTkufa/shaam-date-picker-tkufa.js?gdv=8ae04218-3948-4e89-8d63-c404b360234d, line 1: ReferenceError: kendo is not defined
JavaScript error: https://www.misim.gov.il/shaamAngularLib/modules/shaam-ui/directives/DatePickerRange/shaam-datepicker-range.js?gdv=8ae04218-3948-4e89-8d63-c404b360234d, line 1: ReferenceError: kendo is not defined
JavaScript error: https://www.misim.gov.il/shaamAngularLib/modules/shaam-ui/directives/CurrencyTextBox/shaam-currency-textBox.js?gdv=8ae04218-3948-4e89-8d63-c404b360234d, line 1: ReferenceError: angular is not defined
JavaScript error: https://www.misim.gov.il/shaamAngularLib/modules/shaam-ui/directives/DropDownMas/shaam-ddl-mas.js?gdv=8ae04218-3948-4e89-8d63-c404b360234d, line 1: ReferenceError: angular is not defined
JavaScript error: https://www.misim.gov.il/shaamAngularLib/modules/shaam-ui/directives/Grid/shaam-grid.js?gdv=8ae04218-3948-4e89-8d63-c404b360234d, line 1: ReferenceError: angular is not defined
JavaScript error: https://www.misim.gov.il/shaamAngularLib/modules/shaam-ui/directives/Buttons/shaam-buttons.js?gdv=8ae04218-3948-4e89-8d63-c404b360234d, line 1: ReferenceError: angular is not defined
JavaScript error: https://www.misim.gov.il/shaamAngularLib/modules/shaam-ui/directives/AutoComplete/shaam-auto-complete.js?gdv=8ae04218-3948-4e89-8d63-c404b360234d, line 1: ReferenceError: angular is not defined
JavaScript error: https://www.misim.gov.il/shaamAngularLib/modules/shaam-ui/directives/HebrewOnly/hebrew-only.js?gdv=8ae04218-3948-4e89-8d63-c404b360234d, line 1: ReferenceError: angular is not defined
JavaScript error: https://www.misim.gov.il/shaamAngularLib/modules/shaam-ui/directives/EnglishOnly/english-only.js?gdv=8ae04218-3948-4e89-8d63-c404b360234d, line 1: ReferenceError: angular is not defined
JavaScript error: https://www.misim.gov.il/shaamAngularLib/modules/shaam-ui/directives/EnglishNumbersOnly/english-numbers-only.js?gdv=8ae04218-3948-4e89-8d63-c404b360234d, line 1: ReferenceError: angular is not defined
JavaScript error: https://www.misim.gov.il/shaamAngularLib/modules/shaam-ui/directives/KidometNumber/shaam-ddl-kidometnumber.js?gdv=8ae04218-3948-4e89-8d63-c404b360234d, line 1: ReferenceError: angular is not defined
JavaScript error: https://www.misim.gov.il/shaamAngularLib/modules/shaam-ui/directives/BankAutoComplete/shaam-Bank-auto-complete.js?gdv=8ae04218-3948-4e89-8d63-c404b360234d, line 1: ReferenceError: angular is not defined
JavaScript error: https://www.misim.gov.il/shaamAngularLib/modules/shaam-ui/directives/DropDownBankSnif/shaam-ddl-bank-snif.js?gdv=8ae04218-3948-4e89-8d63-c404b360234d, line 1: ReferenceError: angular is not defined
JavaScript error: https://www.misim.gov.il/shaamAngularLib/modules/shaam-ui/directives/DropDownSettl/shaam-ddl-settl.js?gdv=8ae04218-3948-4e89-8d63-c404b360234d, line 1: ReferenceError: angular is not defined
JavaScript error: https://www.misim.gov.il/shaamAngularLib/modules/shaam-ui/directives/DropDownEmploy/shaam-ddl-employ.js?gdv=8ae04218-3948-4e89-8d63-c404b360234d, line 1: ReferenceError: angular is not defined
JavaScript error: https://www.misim.gov.il/shaamAngularLib/modules/shaam-ui/directives/DropDownMisradim/shaam-ddl-misradim.js?gdv=8ae04218-3948-4e89-8d63-c404b360234d, line 1: ReferenceError: angular is not defined
JavaScript error: https://www.misim.gov.il/shaamAngularLib/modules/shaam-ui/directives/DropDownSettlStreet/shaam-ddl-settl-street.js?gdv=8ae04218-3948-4e89-8d63-c404b360234d, line 1: ReferenceError: angular is not defined
JavaScript error: https://www.misim.gov.il/shaamAngularLib/modules/shaam-ui/directives/DropDownMisradimHuliyot/shaam-ddl-misradim-huliyot.js?gdv=8ae04218-3948-4e89-8d63-c404b360234d, line 1: ReferenceError: angular is not defined
JavaScript error: https://www.misim.gov.il/shaamAngularLib/modules/shaam-ui/directives/MultiSelectEmploy/shaam-ms-employ.js?gdv=8ae04218-3948-4e89-8d63-c404b360234d, line 1: ReferenceError: angular is not defined
JavaScript error: https://www.misim.gov.il/shaamAngularLib/modules/shaam-ui/directives/SettlAutoComplete/shaam-settl-auto-complete.js?gdv=8ae04218-3948-4e89-8d63-c404b360234d, line 1: ReferenceError: angular is not defined
JavaScript error: https://www.misim.gov.il/shaamAngularLib/modules/shaam-ui/directives/IdTextBox/shaam-id-textBox.js?gdv=8ae04218-3948-4e89-8d63-c404b360234d, line 1: ReferenceError: angular is not defined
JavaScript error: https://www.misim.gov.il/shaamAngularLib/modules/shaam-ui/directives/TikTextBox/shaam-tik-textBox.js?gdv=8ae04218-3948-4e89-8d63-c404b360234d, line 1: ReferenceError: angular is not defined
JavaScript error: https://www.misim.gov.il/shaamAngularLib/modules/shaam-ui/directives/TikKibutzTextBox/shaam-tik-kibutz-text-box.js?gdv=8ae04218-3948-4e89-8d63-c404b360234d, line 1: ReferenceError: angular is not defined
JavaScript error: https://www.misim.gov.il/shaamAngularLib/modules/shaam-ui/directives/TikChevraTextBox/shaam-tik-chevra-text-box.js?gdv=8ae04218-3948-4e89-8d63-c404b360234d, line 1: ReferenceError: angular is not defined
JavaScript error: https://www.misim.gov.il/shaamAngularLib/modules/shaam-ui/directives/TikNikuiTextBox/shaam-tik-nikui-text-box.js?gdv=8ae04218-3948-4e89-8d63-c404b360234d, line 1: ReferenceError: angular is not defined
JavaScript error: https://www.misim.gov.il/shaamAngularLib/modules/shaam-ui/directives/EmailTextBox/shaam-email-text-box.js?gdv=8ae04218-3948-4e89-8d63-c404b360234d, line 1: ReferenceError: angular is not defined
JavaScript error: https://www.misim.gov.il/shaamAngularLib/modules/shaam-ui/directives/NumOnly/num-only.js?gdv=8ae04218-3948-4e89-8d63-c404b360234d, line 1: ReferenceError: angular is not defined
JavaScript error: https://www.misim.gov.il/shaamAngularLib/modules/shaam-ui/directives/NumDotOnly/shaam-num-dot-only.js?gdv=8ae04218-3948-4e89-8d63-c404b360234d, line 1: ReferenceError: angular is not defined
JavaScript error: https://www.misim.gov.il/shaamAngularLib/modules/shaam-ui/directives/HebrewNumbersOnly/hebrew-numbers-only.js?gdv=8ae04218-3948-4e89-8d63-c404b360234d, line 1: ReferenceError: angular is not defined
JavaScript error: https://www.misim.gov.il/shaamAngularLib/modules/shaam-ui/directives/Numeric/shaam-numeric-updown.js?gdv=8ae04218-3948-4e89-8d63-c404b360234d, line 1: ReferenceError: angular is not defined
JavaScript error: https://www.misim.gov.il/shaamAngularLib/modules/shaam-ui/directives/GeneralInput/shaam-general-input.js?gdv=8ae04218-3948-4e89-8d63-c404b360234d, line 1: ReferenceError: angular is not defined
JavaScript error: https://www.misim.gov.il/shaamAngularLib/modules/shaam-ui/directives/WindowOpen/shaam-window-open.js?gdv=8ae04218-3948-4e89-8d63-c404b360234d, line 1: ReferenceError: angular is not defined
JavaScript error: https://www.misim.gov.il/shaamAngularLib/modules/shaam-ui/directives/WindowOpenClose/shaam-window-open-close.js?gdv=8ae04218-3948-4e89-8d63-c404b360234d, line 1: ReferenceError: angular is not defined
JavaScript error: https://www.misim.gov.il/shaamAngularLib/modules/shaam-ui/directives/BankAccountNum/bank-account-num.js?gdv=8ae04218-3948-4e89-8d63-c404b360234d, line 1: ReferenceError: angular is not defined
JavaScript error: https://www.misim.gov.il/shaamAngularLib/modules/shaam-ui/directives/wizard/shaam-wizard.js?gdv=8ae04218-3948-4e89-8d63-c404b360234d, line 1: ReferenceError: angular is not defined
JavaScript error: https://www.misim.gov.il/shaamAngularLib/modules/shaam-ui/directives/tabstrip/shaam-tabstrip.js?gdv=8ae04218-3948-4e89-8d63-c404b360234d, line 1: ReferenceError: angular is not defined
JavaScript error: https://www.misim.gov.il/shaamAngularLib/modules/shaam-ui/directives/tabstripVertical/shaam-tabstrip-verti.js?gdv=8ae04218-3948-4e89-8d63-c404b360234d, line 1: ReferenceError: angular is not defined
JavaScript error: https://www.misim.gov.il/shaamAngularLib/modules/shaam-ui/directives/AutoCompleteAnafim/shaam-auto-complete-anaf.js?gdv=8ae04218-3948-4e89-8d63-c404b360234d, line 1: ReferenceError: angular is not defined
JavaScript error: https://www.misim.gov.il/shaamAngularLib/modules/shaam-ui/directives/ShaamTooltip/shaam-tooltip.js?gdv=8ae04218-3948-4e89-8d63-c404b360234d, line 1: ReferenceError: angular is not defined
JavaScript error: https://www.misim.gov.il/shaamAngularLib/modules/shaam-ui/directives/ShaamRadioButtons/shaam-radio-buttons.js?gdv=8ae04218-3948-4e89-8d63-c404b360234d, line 1: ReferenceError: angular is not defined
JavaScript error: https://www.misim.gov.il/shaamAngularLib/modules/shaam-ui/directives/checkBoxButtons/shaam-check-box-buttons.js?gdv=8ae04218-3948-4e89-8d63-c404b360234d, line 1: ReferenceError: angular is not defined
JavaScript error: https://www.misim.gov.il/shaamAngularLib/modules/shaam-ui/directives/AutoCompleteSettleStreet/shaam-ac-settl-street.js?gdv=8ae04218-3948-4e89-8d63-c404b360234d, line 1: ReferenceError: angular is not defined
JavaScript error: https://www.misim.gov.il/shaamAngularLib/modules/shaam-ui/directives/groupButtons/shaam-group-buttons.js?gdv=8ae04218-3948-4e89-8d63-c404b360234d, line 1: ReferenceError: angular is not defined
JavaScript error: https://www.misim.gov.il/shaamAngularLib/modules/shaam-ui/directives/ShaamChart/shaam-chart.js?gdv=8ae04218-3948-4e89-8d63-c404b360234d, line 1: ReferenceError: angular is not defined
JavaScript error: https://www.misim.gov.il/shaamAngularLib/modules/shaam-ui/directives/shaamQR/shaam-Q-R.js?gdv=8ae04218-3948-4e89-8d63-c404b360234d, line 1: ReferenceError: angular is not defined
JavaScript error: https://www.misim.gov.il/shaamAngularLib/modules/shaam-ui/directives/pleaseWait/please-wait.js?gdv=8ae04218-3948-4e89-8d63-c404b360234d, line 1: ReferenceError: angular is not defined
JavaScript error: https://www.misim.gov.il/shaamAngularLib/modules/shaam-ui/directives/LanguagesButtons/languages-buttons.js?gdv=8ae04218-3948-4e89-8d63-c404b360234d, line 1: ReferenceError: angular is not defined
JavaScript error: https://www.misim.gov.il/shaamAngularLib/modules/shaam-ui/directives/BankSnifAutoComplete/shaam-Bank-Snif-auto-complete.js?gdv=8ae04218-3948-4e89-8d63-c404b360234d, line 1: ReferenceError: angular is not defined
JavaScript error: https://www.misim.gov.il/shaamAngularLib/modules/shaam-ui/directives/genralMultyselect/shaam-genral-ms.js?gdv=8ae04218-3948-4e89-8d63-c404b360234d, line 1: ReferenceError: angular is not defined
JavaScript error: https://www.misim.gov.il/shaamAngularLib/modules/shaam-ui/directives/divButtons/shaam-div-buttons.js?gdv=8ae04218-3948-4e89-8d63-c404b360234d, line 1: ReferenceError: angular is not defined
JavaScript error: https://www.misim.gov.il/shaamAngularLib/modules/shaam-ui/directives/iconButtons/shaam-icon-buttons.js?gdv=8ae04218-3948-4e89-8d63-c404b360234d, line 1: ReferenceError: angular is not defined
JavaScript error: https://www.misim.gov.il/shaamAngularLib/modules/shaam-ui/directives/ScanButton/shaam-scan-button.js?gdv=8ae04218-3948-4e89-8d63-c404b360234d, line 1: ReferenceError: angular is not defined
JavaScript error: https://www.misim.gov.il/shaamAngularLib/modules/shaam-ui/directives/ShaamRadioButtonsGroup/shaam-radio-buttons-group.js?gdv=8ae04218-3948-4e89-8d63-c404b360234d, line 1: ReferenceError: angular is not defined
JavaScript error: https://www.misim.gov.il/shaamAngularLib/modules/shaam-ui/directives/shaamTreeView/shaam-tree-view.js?gdv=8ae04218-3948-4e89-8d63-c404b360234d, line 1: ReferenceError: angular is not defined
JavaScript error: https://www.misim.gov.il/shaamAngularLib/modules/shaam-ui/directives/shaamTreeViewWin/shaam-tree-view-win.js?gdv=8ae04218-3948-4e89-8d63-c404b360234d, line 1: ReferenceError: angular is not defined
JavaScript error: https://www.misim.gov.il/shaamAngularLib/modules/shaam-ui/directives/shaamTreeViewWinMulti/shaam-tree-view-win-multi.js?gdv=8ae04218-3948-4e89-8d63-c404b360234d, line 1: ReferenceError: angular is not defined
JavaScript error: https://www.misim.gov.il/shaamAngularLib/modules/shaam-ui/directives/shaamCopyFile/shaam-copy-file.js?gdv=8ae04218-3948-4e89-8d63-c404b360234d, line 1: ReferenceError: angular is not defined
JavaScript error: https://www.misim.gov.il/shaamAngularLib/modules/shaam-ui/directives/shaamRadialGauge/shaam-radial-gauge.js?gdv=8ae04218-3948-4e89-8d63-c404b360234d, line 1: ReferenceError: angular is not defined
JavaScript error: https://www.misim.gov.il/shaamAngularLib/jsLib/setMenu.js?gdv=8ae04218-3948-4e89-8d63-c404b360234d, line 1: TypeError: $ is undefined
JavaScript error: https://www.misim.gov.il/svinfonadlan2010/startpageNadlanNewDesign.aspx?ProcessKey=3e778b47-d2ae-4546-a992-fa50cb00663b, line 1459: TypeError: $ is not a function
_RegisterApplication(), FAILED TO establish the default connection to the WindowServer, _CGSDefaultConnection() is NULL.
1590926757633	Marionette	INFO	Stopped listening on port 57645
1590926759802	Marionette	INFO	Stopped listening on port 57192
1590927462224	mozrunner::runner	INFO	Running command: "/Applications/Firefox.app/Contents/MacOS/firefox-bin" "-marionette" "--proxy-server=localhost:8081" "-foreground" "-no-remote" "-profile" "/var/folders/0t/lkc7_sfs7s74yqb8qk_2v3jc0000gn/T/rust_mozprofiletvbAge"
1590927463439	addons.webextension.doh-rollout@mozilla.org	WARN	Loading extension 'doh-rollout@mozilla.org': Reading manifest: Invalid extension permission: networkStatus
1590927463663	addons.webextension.screenshots@mozilla.org	WARN	Loading extension 'screenshots@mozilla.org': Reading manifest: Invalid extension permission: mozillaAddons
1590927463663	addons.webextension.screenshots@mozilla.org	WARN	Loading extension 'screenshots@mozilla.org': Reading manifest: Invalid extension permission: telemetry
1590927463663	addons.webextension.screenshots@mozilla.org	WARN	Loading extension 'screenshots@mozilla.org': Reading manifest: Invalid extension permission: resource://pdf.js/
1590927463663	addons.webextension.screenshots@mozilla.org	WARN	Loading extension 'screenshots@mozilla.org': Reading manifest: Invalid extension permission: about:reader*
1590927465794	Marionette	INFO	Listening on port 63269
1590927465816	Marionette	WARN	TLS certificate errors will be ignored for this session
1590927746043	mozrunner::runner	INFO	Running command: "/Applications/Firefox.app/Contents/MacOS/firefox-bin" "-marionette" "--proxy-server=localhost:8081" "-foreground" "-no-remote" "-profile" "/var/folders/0t/lkc7_sfs7s74yqb8qk_2v3jc0000gn/T/rust_mozprofile0qEj2A"
1590927746519	addons.webextension.doh-rollout@mozilla.org	WARN	Loading extension 'doh-rollout@mozilla.org': Reading manifest: Invalid extension permission: networkStatus
1590927746743	addons.webextension.screenshots@mozilla.org	WARN	Loading extension 'screenshots@mozilla.org': Reading manifest: Invalid extension permission: mozillaAddons
1590927746744	addons.webextension.screenshots@mozilla.org	WARN	Loading extension 'screenshots@mozilla.org': Reading manifest: Invalid extension permission: telemetry
1590927746744	addons.webextension.screenshots@mozilla.org	WARN	Loading extension 'screenshots@mozilla.org': Reading manifest: Invalid extension permission: resource://pdf.js/
1590927746744	addons.webextension.screenshots@mozilla.org	WARN	Loading extension 'screenshots@mozilla.org': Reading manifest: Invalid extension permission: about:reader*
1590927748799	Marionette	INFO	Listening on port 64513
1590927748825	Marionette	WARN	TLS certificate errors will be ignored for this session
1590927923120	Marionette	INFO	Stopped listening on port 63269
1590927926389	Marionette	INFO	Stopped listening on port 64513
1590927966290	mozrunner::runner	INFO	Running command: "/Applications/Firefox.app/Contents/MacOS/firefox-bin" "-marionette" "--proxy-server=localhost:8084" "-foreground" "-no-remote" "-profile" "/var/folders/0t/lkc7_sfs7s74yqb8qk_2v3jc0000gn/T/rust_mozprofileVlYuyP"
1590927966726	addons.webextension.doh-rollout@mozilla.org	WARN	Loading extension 'doh-rollout@mozilla.org': Reading manifest: Invalid extension permission: networkStatus
1590927966935	addons.webextension.screenshots@mozilla.org	WARN	Loading extension 'screenshots@mozilla.org': Reading manifest: Invalid extension permission: mozillaAddons
1590927966935	addons.webextension.screenshots@mozilla.org	WARN	Loading extension 'screenshots@mozilla.org': Reading manifest: Invalid extension permission: telemetry
1590927966936	addons.webextension.screenshots@mozilla.org	WARN	Loading extension 'screenshots@mozilla.org': Reading manifest: Invalid extension permission: resource://pdf.js/
1590927966936	addons.webextension.screenshots@mozilla.org	WARN	Loading extension 'screenshots@mozilla.org': Reading manifest: Invalid extension permission: about:reader*
1590927968816	Marionette	INFO	Listening on port 65483
1590927968868	Marionette	WARN	TLS certificate errors will be ignored for this session
1590927987612	mozrunner::runner	INFO	Running command: "/Applications/Firefox.app/Contents/MacOS/firefox-bin" "-marionette" "--proxy-server=localhost:8085" "-foreground" "-no-remote" "-profile" "/var/folders/0t/lkc7_sfs7s74yqb8qk_2v3jc0000gn/T/rust_mozprofile1fJdKc"
1590927988056	addons.webextension.doh-rollout@mozilla.org	WARN	Loading extension 'doh-rollout@mozilla.org': Reading manifest: Invalid extension permission: networkStatus
1590927988280	addons.webextension.screenshots@mozilla.org	WARN	Loading extension 'screenshots@mozilla.org': Reading manifest: Invalid extension permission: mozillaAddons
1590927988280	addons.webextension.screenshots@mozilla.org	WARN	Loading extension 'screenshots@mozilla.org': Reading manifest: Invalid extension permission: telemetry
1590927988280	addons.webextension.screenshots@mozilla.org	WARN	Loading extension 'screenshots@mozilla.org': Reading manifest: Invalid extension permission: resource://pdf.js/
1590927988280	addons.webextension.screenshots@mozilla.org	WARN	Loading extension 'screenshots@mozilla.org': Reading manifest: Invalid extension permission: about:reader*
1590927990151	Marionette	INFO	Listening on port 49251
1590927990187	Marionette	WARN	TLS certificate errors will be ignored for this session
1590927991198	Marionette	INFO	Stopped listening on port 65483
1590928030556	Marionette	INFO	Stopped listening on port 49251
1590928036797	mozrunner::runner	INFO	Running command: "/Applications/Firefox.app/Contents/MacOS/firefox-bin" "-marionette" "--proxy-server=localhost:8086" "-foreground" "-no-remote" "-profile" "/var/folders/0t/lkc7_sfs7s74yqb8qk_2v3jc0000gn/T/rust_mozprofileqEYD1W"
1590928037228	addons.webextension.doh-rollout@mozilla.org	WARN	Loading extension 'doh-rollout@mozilla.org': Reading manifest: Invalid extension permission: networkStatus
1590928037447	addons.webextension.screenshots@mozilla.org	WARN	Loading extension 'screenshots@mozilla.org': Reading manifest: Invalid extension permission: mozillaAddons
1590928037447	addons.webextension.screenshots@mozilla.org	WARN	Loading extension 'screenshots@mozilla.org': Reading manifest: Invalid extension permission: telemetry
1590928037447	addons.webextension.screenshots@mozilla.org	WARN	Loading extension 'screenshots@mozilla.org': Reading manifest: Invalid extension permission: resource://pdf.js/
1590928037447	addons.webextension.screenshots@mozilla.org	WARN	Loading extension 'screenshots@mozilla.org': Reading manifest: Invalid extension permission: about:reader*
1590928039527	Marionette	INFO	Listening on port 49528
1590928039583	Marionette	WARN	TLS certificate errors will be ignored for this session
_RegisterApplication(), FAILED TO establish the default connection to the WindowServer, _CGSDefaultConnection() is NULL.
1590928329764	Marionette	INFO	Stopped listening on port 49528
1590928361920	mozrunner::runner	INFO	Running command: "/Applications/Firefox.app/Contents/MacOS/firefox-bin" "-marionette" "--proxy-server=localhost:8081" "-foreground" "-no-remote" "-profile" "/var/folders/0t/lkc7_sfs7s74yqb8qk_2v3jc0000gn/T/rust_mozprofileC1gRZ9"
1590928362420	addons.webextension.doh-rollout@mozilla.org	WARN	Loading extension 'doh-rollout@mozilla.org': Reading manifest: Invalid extension permission: networkStatus
1590928362644	addons.webextension.screenshots@mozilla.org	WARN	Loading extension 'screenshots@mozilla.org': Reading manifest: Invalid extension permission: mozillaAddons
1590928362644	addons.webextension.screenshots@mozilla.org	WARN	Loading extension 'screenshots@mozilla.org': Reading manifest: Invalid extension permission: telemetry
1590928362644	addons.webextension.screenshots@mozilla.org	WARN	Loading extension 'screenshots@mozilla.org': Reading manifest: Invalid extension permission: resource://pdf.js/
1590928362644	addons.webextension.screenshots@mozilla.org	WARN	Loading extension 'screenshots@mozilla.org': Reading manifest: Invalid extension permission: about:reader*
1590928364551	Marionette	INFO	Listening on port 51054
1590928364594	Marionette	WARN	TLS certificate errors will be ignored for this session
_RegisterApplication(), FAILED TO establish the default connection to the WindowServer, _CGSDefaultConnection() is NULL.
1590928381153	mozrunner::runner	INFO	Running command: "/Applications/Firefox.app/Contents/MacOS/firefox-bin" "-marionette" "--proxy-server=localhost:8082" "-foreground" "-no-remote" "-profile" "/var/folders/0t/lkc7_sfs7s74yqb8qk_2v3jc0000gn/T/rust_mozprofilenuzcJm"
1590928381617	addons.webextension.doh-rollout@mozilla.org	WARN	Loading extension 'doh-rollout@mozilla.org': Reading manifest: Invalid extension permission: networkStatus
1590928381839	addons.webextension.screenshots@mozilla.org	WARN	Loading extension 'screenshots@mozilla.org': Reading manifest: Invalid extension permission: mozillaAddons
1590928381839	addons.webextension.screenshots@mozilla.org	WARN	Loading extension 'screenshots@mozilla.org': Reading manifest: Invalid extension permission: telemetry
1590928381839	addons.webextension.screenshots@mozilla.org	WARN	Loading extension 'screenshots@mozilla.org': Reading manifest: Invalid extension permission: resource://pdf.js/
1590928381839	addons.webextension.screenshots@mozilla.org	WARN	Loading extension 'screenshots@mozilla.org': Reading manifest: Invalid extension permission: about:reader*
1590928382615	Marionette	INFO	Stopped listening on port 51054
1590928383614	Marionette	INFO	Listening on port 51205
1590928383633	Marionette	WARN	TLS certificate errors will be ignored for this session
_RegisterApplication(), FAILED TO establish the default connection to the WindowServer, _CGSDefaultConnection() is NULL.
1590928474244	Marionette	INFO	Stopped listening on port 51205
1590928485165	mozrunner::runner	INFO	Running command: "/Applications/Firefox.app/Contents/MacOS/firefox-bin" "-marionette" "--proxy-server=localhost:8083" "-foreground" "-no-remote" "-profile" "/var/folders/0t/lkc7_sfs7s74yqb8qk_2v3jc0000gn/T/rust_mozprofilerrzOab"
1590928485666	addons.webextension.doh-rollout@mozilla.org	WARN	Loading extension 'doh-rollout@mozilla.org': Reading manifest: Invalid extension permission: networkStatus
1590928485874	addons.webextension.screenshots@mozilla.org	WARN	Loading extension 'screenshots@mozilla.org': Reading manifest: Invalid extension permission: mozillaAddons
1590928485874	addons.webextension.screenshots@mozilla.org	WARN	Loading extension 'screenshots@mozilla.org': Reading manifest: Invalid extension permission: telemetry
1590928485874	addons.webextension.screenshots@mozilla.org	WARN	Loading extension 'screenshots@mozilla.org': Reading manifest: Invalid extension permission: resource://pdf.js/
1590928485874	addons.webextension.screenshots@mozilla.org	WARN	Loading extension 'screenshots@mozilla.org': Reading manifest: Invalid extension permission: about:reader*
1590928487630	Marionette	INFO	Listening on port 51707
1590928487653	Marionette	WARN	TLS certificate errors will be ignored for this session
_RegisterApplication(), FAILED TO establish the default connection to the WindowServer, _CGSDefaultConnection() is NULL.
SourceActor threw an exception: [Exception... "Component returned failure code: 0x80470002 (NS_BASE_STREAM_CLOSED) [nsIInputStream.available]"  nsresult: "0x80470002 (NS_BASE_STREAM_CLOSED)"  location: "JS frame :: resource://devtools/shared/DevToolsUtils.js :: onResponse :: line 579"  data: no]
Stack: onResponse@resource://devtools/shared/DevToolsUtils.js:579:34
onStopRequest@resource://gre/modules/NetUtil.jsm:128:18
Line: 579, column: 0
console.error: ({})
SourceActor threw an exception: [Exception... "Component returned failure code: 0x80470002 (NS_BASE_STREAM_CLOSED) [nsIInputStream.available]"  nsresult: "0x80470002 (NS_BASE_STREAM_CLOSED)"  location: "JS frame :: resource://devtools/shared/DevToolsUtils.js :: onResponse :: line 579"  data: no]
Stack: onResponse@resource://devtools/shared/DevToolsUtils.js:579:34
onStopRequest@resource://gre/modules/NetUtil.jsm:128:18
Line: 579, column: 0
console.error: ({})
SourceActor threw an exception: [Exception... "Component returned failure code: 0x80470002 (NS_BASE_STREAM_CLOSED) [nsIInputStream.available]"  nsresult: "0x80470002 (NS_BASE_STREAM_CLOSED)"  location: "JS frame :: resource://devtools/shared/DevToolsUtils.js :: onResponse :: line 579"  data: no]
Stack: onResponse@resource://devtools/shared/DevToolsUtils.js:579:34
onStopRequest@resource://gre/modules/NetUtil.jsm:128:18
Line: 579, column: 0
console.error: ({})
JavaScript error: resource://devtools/shared/DevToolsUtils.js, line 579: NS_BASE_STREAM_CLOSED: Component returned failure code: 0x80470002 (NS_BASE_STREAM_CLOSED) [nsIInputStream.available]
JavaScript error: resource://devtools/shared/DevToolsUtils.js, line 579: NS_BASE_STREAM_CLOSED: Component returned failure code: 0x80470002 (NS_BASE_STREAM_CLOSED) [nsIInputStream.available]
JavaScript error: resource://devtools/shared/DevToolsUtils.js, line 579: NS_BASE_STREAM_CLOSED: Component returned failure code: 0x80470002 (NS_BASE_STREAM_CLOSED) [nsIInputStream.available]
1590928619607	mozrunner::runner	INFO	Running command: "/Applications/Firefox.app/Contents/MacOS/firefox-bin" "-marionette" "--proxy-server=localhost:8084" "-foreground" "-no-remote" "-profile" "/var/folders/0t/lkc7_sfs7s74yqb8qk_2v3jc0000gn/T/rust_mozprofileC0Nqrs"
1590928620124	addons.webextension.doh-rollout@mozilla.org	WARN	Loading extension 'doh-rollout@mozilla.org': Reading manifest: Invalid extension permission: networkStatus
1590928620399	addons.webextension.screenshots@mozilla.org	WARN	Loading extension 'screenshots@mozilla.org': Reading manifest: Invalid extension permission: mozillaAddons
1590928620400	addons.webextension.screenshots@mozilla.org	WARN	Loading extension 'screenshots@mozilla.org': Reading manifest: Invalid extension permission: telemetry
1590928620400	addons.webextension.screenshots@mozilla.org	WARN	Loading extension 'screenshots@mozilla.org': Reading manifest: Invalid extension permission: resource://pdf.js/
1590928620400	addons.webextension.screenshots@mozilla.org	WARN	Loading extension 'screenshots@mozilla.org': Reading manifest: Invalid extension permission: about:reader*
1590928622227	Marionette	INFO	Listening on port 52350
1590928622290	Marionette	WARN	TLS certificate errors will be ignored for this session
_RegisterApplication(), FAILED TO establish the default connection to the WindowServer, _CGSDefaultConnection() is NULL.
1590928636842	mozrunner::runner	INFO	Running command: "/Applications/Firefox.app/Contents/MacOS/firefox-bin" "-marionette" "--proxy-server=localhost:8085" "-foreground" "-no-remote" "-profile" "/var/folders/0t/lkc7_sfs7s74yqb8qk_2v3jc0000gn/T/rust_mozprofileZZXyun"
1590928637387	addons.webextension.doh-rollout@mozilla.org	WARN	Loading extension 'doh-rollout@mozilla.org': Reading manifest: Invalid extension permission: networkStatus
1590928637631	addons.webextension.screenshots@mozilla.org	WARN	Loading extension 'screenshots@mozilla.org': Reading manifest: Invalid extension permission: mozillaAddons
1590928637631	addons.webextension.screenshots@mozilla.org	WARN	Loading extension 'screenshots@mozilla.org': Reading manifest: Invalid extension permission: telemetry
1590928637631	addons.webextension.screenshots@mozilla.org	WARN	Loading extension 'screenshots@mozilla.org': Reading manifest: Invalid extension permission: resource://pdf.js/
1590928637631	addons.webextension.screenshots@mozilla.org	WARN	Loading extension 'screenshots@mozilla.org': Reading manifest: Invalid extension permission: about:reader*
1590928639180	Marionette	INFO	Stopped listening on port 52350
1590928639432	Marionette	INFO	Listening on port 52500
1590928639527	Marionette	WARN	TLS certificate errors will be ignored for this session
_RegisterApplication(), FAILED TO establish the default connection to the WindowServer, _CGSDefaultConnection() is NULL.
1590928676366	Marionette	INFO	Stopped listening on port 52500
1590928676487	mozrunner::runner	INFO	Running command: "/Applications/Firefox.app/Contents/MacOS/firefox-bin" "-marionette" "--proxy-server=localhost:8086" "-foreground" "-no-remote" "-profile" "/var/folders/0t/lkc7_sfs7s74yqb8qk_2v3jc0000gn/T/rust_mozprofile0yeLSA"
1590928677440	addons.webextension.doh-rollout@mozilla.org	WARN	Loading extension 'doh-rollout@mozilla.org': Reading manifest: Invalid extension permission: networkStatus
1590928677670	addons.webextension.screenshots@mozilla.org	WARN	Loading extension 'screenshots@mozilla.org': Reading manifest: Invalid extension permission: mozillaAddons
1590928677670	addons.webextension.screenshots@mozilla.org	WARN	Loading extension 'screenshots@mozilla.org': Reading manifest: Invalid extension permission: telemetry
1590928677670	addons.webextension.screenshots@mozilla.org	WARN	Loading extension 'screenshots@mozilla.org': Reading manifest: Invalid extension permission: resource://pdf.js/
1590928677670	addons.webextension.screenshots@mozilla.org	WARN	Loading extension 'screenshots@mozilla.org': Reading manifest: Invalid extension permission: about:reader*
1590928679438	Marionette	INFO	Listening on port 52739
1590928679483	Marionette	WARN	TLS certificate errors will be ignored for this session
JavaScript error: https://www.misim.gov.il/shaamAngularLib/jsLib/jquery-ui.min.js?gdv=3ff5b747-2348-45a4-8e83-333421c5f606, line 5: ReferenceError: jQuery is not defined
JavaScript error: https://www.misim.gov.il/shaamAngularLib/jsLib/bootstrap.min.js?gdv=3ff5b747-2348-45a4-8e83-333421c5f606, line 6: Error: Bootstrap's JavaScript requires jQuery
JavaScript error: https://www.misim.gov.il/shaamAngularLib/kendo/kendo.all.min.js?gdv=3ff5b747-2348-45a4-8e83-333421c5f606, line 1: ReferenceError: jQuery is not defined
JavaScript error: https://www.misim.gov.il/shaamAngularLib/kendo/kendo.culture.he-IL.min.js?gdv=3ff5b747-2348-45a4-8e83-333421c5f606, line 1: ReferenceError: kendo is not defined
JavaScript error: https://www.misim.gov.il/svinfonadlan2010/startpageNadlanNewDesign.aspx?ProcessKey=3e778b47-d2ae-4546-a992-fa50cb00663b, line 52: ReferenceError: $ is not defined
JavaScript error: https://www.misim.gov.il/svinfonadlan2010/scripts/startPageNadlanJs.js, line 1: TypeError: $ is not a function
JavaScript error: https://www.misim.gov.il/svinfonadlan2010/scripts/jsInfoNadlan.js, line 1: TypeError: $ is not a function
JavaScript error: https://www.misim.gov.il/svinfonadlan2010/startpageNadlanNewDesign.aspx?ProcessKey=3e778b47-d2ae-4546-a992-fa50cb00663b, line 411: TypeError: $ is not a function
JavaScript error: https://www.misim.gov.il/shaamlib/scripts2010/shaamAccessibleButtons.js?gdv=3ff5b747-2348-45a4-8e83-333421c5f606, line 1: TypeError: $ is not a function
JavaScript error: https://www.misim.gov.il/shaamAngularLib/kendo/kendo.angular.min.js?gdv=3ff5b747-2348-45a4-8e83-333421c5f606, line 1: TypeError: window.kendo is undefined
JavaScript error: https://www.misim.gov.il/shaamAngularLib/modules/shaam-validation/factory/shaam-validators.js?gdv=3ff5b747-2348-45a4-8e83-333421c5f606, line 1: TypeError: jQuery is undefined
JavaScript error: https://www.misim.gov.il/shaamAngularLib/modules/shaam-ui/directives/DatePicker/shaam-date-picker.js?gdv=3ff5b747-2348-45a4-8e83-333421c5f606, line 1: ReferenceError: kendo is not defined
JavaScript error: https://www.misim.gov.il/shaamAngularLib/modules/shaam-ui/directives/DatePickerTkufa/shaam-date-picker-tkufa.js?gdv=3ff5b747-2348-45a4-8e83-333421c5f606, line 1: ReferenceError: kendo is not defined
JavaScript error: https://www.misim.gov.il/shaamAngularLib/modules/shaam-ui/directives/DatePickerRange/shaam-datepicker-range.js?gdv=3ff5b747-2348-45a4-8e83-333421c5f606, line 1: ReferenceError: kendo is not defined
JavaScript error: https://www.misim.gov.il/shaamAngularLib/jsLib/setMenu.js?gdv=3ff5b747-2348-45a4-8e83-333421c5f606, line 1: TypeError: $ is undefined
JavaScript error: https://www.misim.gov.il/svinfonadlan2010/startpageNadlanNewDesign.aspx?ProcessKey=3e778b47-d2ae-4546-a992-fa50cb00663b, line 1459: TypeError: $ is not a function
_RegisterApplication(), FAILED TO establish the default connection to the WindowServer, _CGSDefaultConnection() is NULL.
SourceActor threw an exception: [Exception... "Component returned failure code: 0x80470002 (NS_BASE_STREAM_CLOSED) [nsIInputStream.available]"  nsresult: "0x80470002 (NS_BASE_STREAM_CLOSED)"  location: "JS frame :: resource://devtools/shared/DevToolsUtils.js :: onResponse :: line 579"  data: no]
Stack: onResponse@resource://devtools/shared/DevToolsUtils.js:579:34
onStopRequest@resource://gre/modules/NetUtil.jsm:128:18
Line: 579, column: 0
console.error: ({})
SourceActor threw an exception: [Exception... "Component returned failure code: 0x80470002 (NS_BASE_STREAM_CLOSED) [nsIInputStream.available]"  nsresult: "0x80470002 (NS_BASE_STREAM_CLOSED)"  location: "JS frame :: resource://devtools/shared/DevToolsUtils.js :: onResponse :: line 579"  data: no]
Stack: onResponse@resource://devtools/shared/DevToolsUtils.js:579:34
onStopRequest@resource://gre/modules/NetUtil.jsm:128:18
Line: 579, column: 0
console.error: ({})
SourceActor threw an exception: [Exception... "Component returned failure code: 0x80470002 (NS_BASE_STREAM_CLOSED) [nsIInputStream.available]"  nsresult: "0x80470002 (NS_BASE_STREAM_CLOSED)"  location: "JS frame :: resource://devtools/shared/DevToolsUtils.js :: onResponse :: line 579"  data: no]
Stack: onResponse@resource://devtools/shared/DevToolsUtils.js:579:34
onStopRequest@resource://gre/modules/NetUtil.jsm:128:18
Line: 579, column: 0
console.error: ({})
JavaScript error: resource://devtools/shared/DevToolsUtils.js, line 579: NS_BASE_STREAM_CLOSED: Component returned failure code: 0x80470002 (NS_BASE_STREAM_CLOSED) [nsIInputStream.available]
JavaScript error: resource://devtools/shared/DevToolsUtils.js, line 579: NS_BASE_STREAM_CLOSED: Component returned failure code: 0x80470002 (NS_BASE_STREAM_CLOSED) [nsIInputStream.available]
JavaScript error: resource://devtools/shared/DevToolsUtils.js, line 579: NS_BASE_STREAM_CLOSED: Component returned failure code: 0x80470002 (NS_BASE_STREAM_CLOSED) [nsIInputStream.available]
1590929377420	Marionette	INFO	Stopped listening on port 52739
1590929420151	mozrunner::runner	INFO	Running command: "/Applications/Firefox.app/Contents/MacOS/firefox-bin" "-marionette" "--proxy-server=localhost:8087" "-foreground" "-no-remote" "-profile" "/var/folders/0t/lkc7_sfs7s74yqb8qk_2v3jc0000gn/T/rust_mozprofileVNTtfT"
1590929420663	addons.webextension.doh-rollout@mozilla.org	WARN	Loading extension 'doh-rollout@mozilla.org': Reading manifest: Invalid extension permission: networkStatus
1590929420908	addons.webextension.screenshots@mozilla.org	WARN	Loading extension 'screenshots@mozilla.org': Reading manifest: Invalid extension permission: mozillaAddons
1590929420908	addons.webextension.screenshots@mozilla.org	WARN	Loading extension 'screenshots@mozilla.org': Reading manifest: Invalid extension permission: telemetry
1590929420908	addons.webextension.screenshots@mozilla.org	WARN	Loading extension 'screenshots@mozilla.org': Reading manifest: Invalid extension permission: resource://pdf.js/
1590929420908	addons.webextension.screenshots@mozilla.org	WARN	Loading extension 'screenshots@mozilla.org': Reading manifest: Invalid extension permission: about:reader*
1590929423136	Marionette	INFO	Listening on port 54801
1590929423145	Marionette	WARN	TLS certificate errors will be ignored for this session
_RegisterApplication(), FAILED TO establish the default connection to the WindowServer, _CGSDefaultConnection() is NULL.
1590929473758	Marionette	INFO	Stopped listening on port 54801
1590929476956	mozrunner::runner	INFO	Running command: "/Applications/Firefox.app/Contents/MacOS/firefox-bin" "-marionette" "--proxy-server=localhost:8088" "-foreground" "-no-remote" "-profile" "/var/folders/0t/lkc7_sfs7s74yqb8qk_2v3jc0000gn/T/rust_mozprofilergb28j"
1590929477340	addons.webextension.doh-rollout@mozilla.org	WARN	Loading extension 'doh-rollout@mozilla.org': Reading manifest: Invalid extension permission: networkStatus
1590929477551	addons.webextension.screenshots@mozilla.org	WARN	Loading extension 'screenshots@mozilla.org': Reading manifest: Invalid extension permission: mozillaAddons
1590929477551	addons.webextension.screenshots@mozilla.org	WARN	Loading extension 'screenshots@mozilla.org': Reading manifest: Invalid extension permission: telemetry
1590929477552	addons.webextension.screenshots@mozilla.org	WARN	Loading extension 'screenshots@mozilla.org': Reading manifest: Invalid extension permission: resource://pdf.js/
1590929477552	addons.webextension.screenshots@mozilla.org	WARN	Loading extension 'screenshots@mozilla.org': Reading manifest: Invalid extension permission: about:reader*
1590929479249	Marionette	INFO	Listening on port 55124
1590929479320	Marionette	WARN	TLS certificate errors will be ignored for this session
_RegisterApplication(), FAILED TO establish the default connection to the WindowServer, _CGSDefaultConnection() is NULL.
SourceActor threw an exception: [Exception... "Component returned failure code: 0x80470002 (NS_BASE_STREAM_CLOSED) [nsIInputStream.available]"  nsresult: "0x80470002 (NS_BASE_STREAM_CLOSED)"  location: "JS frame :: resource://devtools/shared/DevToolsUtils.js :: onResponse :: line 579"  data: no]
Stack: onResponse@resource://devtools/shared/DevToolsUtils.js:579:34
onStopRequest@resource://gre/modules/NetUtil.jsm:128:18
Line: 579, column: 0
console.error: ({})
SourceActor threw an exception: [Exception... "Component returned failure code: 0x80470002 (NS_BASE_STREAM_CLOSED) [nsIInputStream.available]"  nsresult: "0x80470002 (NS_BASE_STREAM_CLOSED)"  location: "JS frame :: resource://devtools/shared/DevToolsUtils.js :: onResponse :: line 579"  data: no]
Stack: onResponse@resource://devtools/shared/DevToolsUtils.js:579:34
onStopRequest@resource://gre/modules/NetUtil.jsm:128:18
Line: 579, column: 0
console.error: ({})
SourceActor threw an exception: [Exception... "Component returned failure code: 0x80470002 (NS_BASE_STREAM_CLOSED) [nsIInputStream.available]"  nsresult: "0x80470002 (NS_BASE_STREAM_CLOSED)"  location: "JS frame :: resource://devtools/shared/DevToolsUtils.js :: onResponse :: line 579"  data: no]
Stack: onResponse@resource://devtools/shared/DevToolsUtils.js:579:34
onStopRequest@resource://gre/modules/NetUtil.jsm:128:18
Line: 579, column: 0
console.error: ({})
JavaScript error: resource://devtools/shared/DevToolsUtils.js, line 579: NS_BASE_STREAM_CLOSED: Component returned failure code: 0x80470002 (NS_BASE_STREAM_CLOSED) [nsIInputStream.available]
JavaScript error: resource://devtools/shared/DevToolsUtils.js, line 579: NS_BASE_STREAM_CLOSED: Component returned failure code: 0x80470002 (NS_BASE_STREAM_CLOSED) [nsIInputStream.available]
JavaScript error: resource://devtools/shared/DevToolsUtils.js, line 579: NS_BASE_STREAM_CLOSED: Component returned failure code: 0x80470002 (NS_BASE_STREAM_CLOSED) [nsIInputStream.available]
1590936621595	Marionette	INFO	Stopped listening on port 51707
1590936624280	Marionette	INFO	Stopped listening on port 55124
