1594888560911	mozrunner::runner	INFO	Running command: "/Applications/Firefox.app/Contents/MacOS/firefox-bin" "-marionette" "-foreground" "-no-remote" "-profile" "/var/folders/0t/lkc7_sfs7s74yqb8qk_2v3jc0000gn/T/rust_mozprofile4UEdNo"
1594888564101	Marionette	INFO	Listening on port 49401
1594888564121	Marionette	WARN	TLS certificate errors will be ignored for this session
JavaScript error: resource://gre/modules/URIFixup.jsm, line 281: NS_ERROR_FAILURE: Should pass a non-null uri
_RegisterApplication(), FAILED TO establish the default connection to the WindowServer, _CGSDefaultConnection() is NULL.
1594888570304	Marionette	WARN	TimedPromise timed out after 500 ms: stacktrace:
TimedPromise/<@chrome://marionette/content/sync.js:245:13
TimedPromise@chrome://marionette/content/sync.js:230:10
interaction.flushEventLoop@chrome://marionette/content/interaction.js:416:10
webdriverClickElement@chrome://marionette/content/interaction.js:182:31
JavaScript warning: https://www.misim.gov.il/svinfonadlan2010/startpageNadlanNewDesign.aspx?ProcessKey=3e778b47-d2ae-4546-a992-fa50cb00663b, line 1: unreachable code after return statement
Exiting due to channel error.
[GFX1-]: Receive IPC close with reason=AbnormalShutdown
Exiting due to channel error.
Exiting due to channel error.
1594888893377	mozrunner::runner	INFO	Running command: "/Applications/Firefox.app/Contents/MacOS/firefox-bin" "-marionette" "-foreground" "-no-remote" "-profile" "/var/folders/0t/lkc7_sfs7s74yqb8qk_2v3jc0000gn/T/rust_mozprofileqQzxPS"
1594888895979	Marionette	INFO	Listening on port 49567
1594888896047	Marionette	WARN	TLS certificate errors will be ignored for this session
JavaScript error: resource://gre/modules/URIFixup.jsm, line 281: NS_ERROR_FAILURE: Should pass a non-null uri
_RegisterApplication(), FAILED TO establish the default connection to the WindowServer, _CGSDefaultConnection() is NULL.
1594888901571	Marionette	WARN	TimedPromise timed out after 500 ms: stacktrace:
TimedPromise/<@chrome://marionette/content/sync.js:245:13
TimedPromise@chrome://marionette/content/sync.js:230:10
interaction.flushEventLoop@chrome://marionette/content/interaction.js:416:10
webdriverClickElement@chrome://marionette/content/interaction.js:182:31
JavaScript warning: https://www.misim.gov.il/svinfonadlan2010/startpageNadlanNewDesign.aspx?ProcessKey=3e778b47-d2ae-4546-a992-fa50cb00663b, line 1: unreachable code after return statement
1594889066111	mozrunner::runner	INFO	Running command: "/Applications/Firefox.app/Contents/MacOS/firefox-bin" "-marionette" "-foreground" "-no-remote" "-profile" "/var/folders/0t/lkc7_sfs7s74yqb8qk_2v3jc0000gn/T/rust_mozprofileWzOXuG"
1594889068483	Marionette	INFO	Listening on port 49676
1594889068581	Marionette	WARN	TLS certificate errors will be ignored for this session
JavaScript error: resource://gre/modules/URIFixup.jsm, line 281: NS_ERROR_FAILURE: Should pass a non-null uri
_RegisterApplication(), FAILED TO establish the default connection to the WindowServer, _CGSDefaultConnection() is NULL.
JavaScript warning: https://www.misim.gov.il/svinfonadlan2010/startpageNadlanNewDesign.aspx?ProcessKey=3e778b47-d2ae-4546-a992-fa50cb00663b, line 1: unreachable code after return statement
1594889558651	mozrunner::runner	INFO	Running command: "/Applications/Firefox.app/Contents/MacOS/firefox-bin" "-marionette" "-foreground" "-no-remote" "-profile" "/var/folders/0t/lkc7_sfs7s74yqb8qk_2v3jc0000gn/T/rust_mozprofilemC7gvU"
1594889561393	Marionette	INFO	Listening on port 49832
1594889561433	Marionette	WARN	TLS certificate errors will be ignored for this session
JavaScript error: resource://gre/modules/URIFixup.jsm, line 281: NS_ERROR_FAILURE: Should pass a non-null uri
_RegisterApplication(), FAILED TO establish the default connection to the WindowServer, _CGSDefaultConnection() is NULL.
JavaScript warning: https://www.misim.gov.il/svinfonadlan2010/startpageNadlanNewDesign.aspx?ProcessKey=3e778b47-d2ae-4546-a992-fa50cb00663b, line 1: unreachable code after return statement
JavaScript warning: https://www.misim.gov.il/svinfonadlan2010/startpageNadlanNewDesign.aspx?ProcessKey=3e778b47-d2ae-4546-a992-fa50cb00663b, line 1: unreachable code after return statement
JavaScript warning: https://www.misim.gov.il/svinfonadlan2010/startpageNadlanNewDesign.aspx?ProcessKey=3e778b47-d2ae-4546-a992-fa50cb00663b, line 1: unreachable code after return statement
[GFX1-]: Receive IPC close with reason=AbnormalShutdown
Exiting due to channel error.
[GFX1-]: Receive IPC close with reason=AbnormalShutdown
Exiting due to channel error.
[GFX1-]: Receive IPC close with reason=AbnormalShutdown
Exiting due to channel error.
1594889699165	Marionette	INFO	Stopped listening on port 49567
1594889701312	Marionette	INFO	Stopped listening on port 49676
1594889788477	mozrunner::runner	INFO	Running command: "/Applications/Firefox.app/Contents/MacOS/firefox-bin" "-marionette" "-foreground" "-no-remote" "-profile" "/var/folders/0t/lkc7_sfs7s74yqb8qk_2v3jc0000gn/T/rust_mozprofileV4HERD"
1594889791066	Marionette	INFO	Listening on port 50118
1594889791168	Marionette	WARN	TLS certificate errors will be ignored for this session
JavaScript error: resource://gre/modules/URIFixup.jsm, line 281: NS_ERROR_FAILURE: Should pass a non-null uri
_RegisterApplication(), FAILED TO establish the default connection to the WindowServer, _CGSDefaultConnection() is NULL.
JavaScript warning: https://www.misim.gov.il/svinfonadlan2010/startpageNadlanNewDesign.aspx?ProcessKey=3e778b47-d2ae-4546-a992-fa50cb00663b, line 1: unreachable code after return statement
1594889886119	mozrunner::runner	INFO	Running command: "/Applications/Firefox.app/Contents/MacOS/firefox-bin" "-marionette" "-foreground" "-no-remote" "-profile" "/var/folders/0t/lkc7_sfs7s74yqb8qk_2v3jc0000gn/T/rust_mozprofileQKcW7t"
1594889888478	Marionette	INFO	Listening on port 50231
1594889888486	Marionette	WARN	TLS certificate errors will be ignored for this session
JavaScript error: resource://gre/modules/URIFixup.jsm, line 281: NS_ERROR_FAILURE: Should pass a non-null uri
JavaScript error: https://www.misim.gov.il/shaamAngularLib/jsLib/jquery-ui.min.js?gdv=d61480a4-9991-4c17-acf1-872280459029, line 5: ReferenceError: jQuery is not defined
JavaScript error: https://www.misim.gov.il/shaamAngularLib/jsLib/bootstrap.min.js?gdv=d61480a4-9991-4c17-acf1-872280459029, line 6: Error: Bootstrap's JavaScript requires jQuery
JavaScript error: https://www.misim.gov.il/shaamAngularLib/kendo/kendo.all.min.js?gdv=d61480a4-9991-4c17-acf1-872280459029, line 1: ReferenceError: jQuery is not defined
JavaScript error: https://www.misim.gov.il/shaamAngularLib/kendo/kendo.culture.he-IL.min.js?gdv=d61480a4-9991-4c17-acf1-872280459029, line 1: ReferenceError: kendo is not defined
JavaScript error: https://www.misim.gov.il/svinfonadlan2010/startpageNadlanNewDesign.aspx?ProcessKey=3e778b47-d2ae-4546-a992-fa50cb00663b, line 52: ReferenceError: $ is not defined
JavaScript error: https://www.misim.gov.il/svinfonadlan2010/scripts/startPageNadlanJs.js, line 1: TypeError: $ is not a function
JavaScript error: https://www.misim.gov.il/svinfonadlan2010/scripts/jsInfoNadlan.js, line 1: TypeError: $ is not a function
JavaScript error: https://www.misim.gov.il/svinfonadlan2010/startpageNadlanNewDesign.aspx?ProcessKey=3e778b47-d2ae-4546-a992-fa50cb00663b, line 411: TypeError: $ is not a function
JavaScript error: https://www.misim.gov.il/shaamlib/scripts2010/shaamAccessibleButtons.js?gdv=d61480a4-9991-4c17-acf1-872280459029, line 1: TypeError: $ is not a function
JavaScript error: https://www.misim.gov.il/shaamAngularLib/kendo/kendo.angular.min.js?gdv=d61480a4-9991-4c17-acf1-872280459029, line 1: TypeError: window.kendo is undefined
JavaScript error: https://www.misim.gov.il/shaamAngularLib/modules/shaam-validation/factory/shaam-validators.js?gdv=d61480a4-9991-4c17-acf1-872280459029, line 1: TypeError: jQuery is undefined
JavaScript error: https://www.misim.gov.il/shaamAngularLib/modules/shaam-ui/directives/DatePicker/shaam-date-picker.js?gdv=d61480a4-9991-4c17-acf1-872280459029, line 1: ReferenceError: kendo is not defined
JavaScript error: https://www.misim.gov.il/shaamAngularLib/modules/shaam-ui/directives/DatePickerTkufa/shaam-date-picker-tkufa.js?gdv=d61480a4-9991-4c17-acf1-872280459029, line 1: ReferenceError: kendo is not defined
JavaScript error: https://www.misim.gov.il/shaamAngularLib/modules/shaam-ui/directives/DatePickerRange/shaam-datepicker-range.js?gdv=d61480a4-9991-4c17-acf1-872280459029, line 1: ReferenceError: kendo is not defined
JavaScript error: https://www.misim.gov.il/shaamAngularLib/jsLib/setMenu.js?gdv=d61480a4-9991-4c17-acf1-872280459029, line 1: TypeError: $ is undefined
JavaScript error: https://www.misim.gov.il/svinfonadlan2010/startpageNadlanNewDesign.aspx?ProcessKey=3e778b47-d2ae-4546-a992-fa50cb00663b, line 1459: TypeError: $ is not a function
_RegisterApplication(), FAILED TO establish the default connection to the WindowServer, _CGSDefaultConnection() is NULL.
JavaScript warning: https://www.misim.gov.il/svinfonadlan2010/startpageNadlanNewDesign.aspx?ProcessKey=3e778b47-d2ae-4546-a992-fa50cb00663b, line 1: unreachable code after return statement
1594889912829	mozrunner::runner	INFO	Running command: "/Applications/Firefox.app/Contents/MacOS/firefox-bin" "-marionette" "-foreground" "-no-remote" "-profile" "/var/folders/0t/lkc7_sfs7s74yqb8qk_2v3jc0000gn/T/rust_mozprofilen6foJ5"
1594889915584	Marionette	INFO	Listening on port 50342
1594889915614	Marionette	WARN	TLS certificate errors will be ignored for this session
JavaScript error: resource://gre/modules/URIFixup.jsm, line 281: NS_ERROR_FAILURE: Should pass a non-null uri
_RegisterApplication(), FAILED TO establish the default connection to the WindowServer, _CGSDefaultConnection() is NULL.
1594889922078	Marionette	WARN	TimedPromise timed out after 500 ms: stacktrace:
TimedPromise/<@chrome://marionette/content/sync.js:245:13
TimedPromise@chrome://marionette/content/sync.js:230:10
interaction.flushEventLoop@chrome://marionette/content/interaction.js:416:10
webdriverClickElement@chrome://marionette/content/interaction.js:182:31
Exiting due to channel error.
[GFX1-]: Receive IPC close with reason=AbnormalShutdown
Exiting due to channel error.
[GFX1-]: Receive IPC close with reason=AbnormalShutdown
Exiting due to channel error.
Exiting due to channel error.
Exiting due to channel error.
[GFX1-]: Receive IPC close with reason=AbnormalShutdown
Exiting due to channel error.
1595099735351	Marionette	INFO	Stopped listening on port 50118
1595448547507	mozrunner::runner	INFO	Running command: "/Applications/Firefox.app/Contents/MacOS/firefox-bin" "-marionette" "-foreground" "-no-remote" "-profile" "/var/folders/0t/lkc7_sfs7s74yqb8qk_2v3jc0000gn/T/rust_mozprofileRXDmm3"
1595448556804	Marionette	INFO	Listening on port 49258
1595448620257	mozrunner::runner	INFO	Running command: "/Applications/Firefox.app/Contents/MacOS/firefox-bin" "-marionette" "-foreground" "-no-remote" "-profile" "/var/folders/0t/lkc7_sfs7s74yqb8qk_2v3jc0000gn/T/rust_mozprofileorJAsr"
1595448622738	Marionette	INFO	Listening on port 49321
1595448622832	Marionette	WARN	TLS certificate errors will be ignored for this session
JavaScript error: resource://gre/modules/URIFixup.jsm, line 281: NS_ERROR_FAILURE: Should pass a non-null uri
_RegisterApplication(), FAILED TO establish the default connection to the WindowServer, _CGSDefaultConnection() is NULL.
JavaScript warning: https://www.misim.gov.il/svinfonadlan2010/startpageNadlanNewDesign.aspx?ProcessKey=3e778b47-d2ae-4546-a992-fa50cb00663b, line 1: unreachable code after return statement
Exiting due to channel error.
[GFX1-]: Receive IPC close with reason=AbnormalShutdown
[GFX1-]: Receive IPC close with reason=AbnormalShutdown
Exiting due to channel error.
Exiting due to channel error.
1595449799981	mozrunner::runner	INFO	Running command: "/Applications/Firefox.app/Contents/MacOS/firefox-bin" "-marionette" "-foreground" "-no-remote" "-profile" "/var/folders/0t/lkc7_sfs7s74yqb8qk_2v3jc0000gn/T/rust_mozprofileq6faoX"
1595449803116	Marionette	INFO	Listening on port 49750
1595449803181	Marionette	WARN	TLS certificate errors will be ignored for this session
JavaScript error: resource://gre/modules/URIFixup.jsm, line 281: NS_ERROR_FAILURE: Should pass a non-null uri
_RegisterApplication(), FAILED TO establish the default connection to the WindowServer, _CGSDefaultConnection() is NULL.
[GFX1-]: Receive IPC close with reason=AbnormalShutdown
Exiting due to channel error.
[GFX1-]: Receive IPC close with reason=AbnormalShutdown
Exiting due to channel error.
[GFX1-]: Receive IPC close with reason=AbnormalShutdown
Exiting due to channel error.
1595449830967	mozrunner::runner	INFO	Running command: "/Applications/Firefox.app/Contents/MacOS/firefox-bin" "-marionette" "-foreground" "-no-remote" "-profile" "/var/folders/0t/lkc7_sfs7s74yqb8qk_2v3jc0000gn/T/rust_mozprofilehysA3Z"
1595449833162	Marionette	INFO	Listening on port 49959
1595449833246	Marionette	WARN	TLS certificate errors will be ignored for this session
JavaScript error: resource://gre/modules/URIFixup.jsm, line 281: NS_ERROR_FAILURE: Should pass a non-null uri
_RegisterApplication(), FAILED TO establish the default connection to the WindowServer, _CGSDefaultConnection() is NULL.
JavaScript warning: https://www.misim.gov.il/svinfonadlan2010/startpageNadlanNewDesign.aspx?ProcessKey=3e778b47-d2ae-4546-a992-fa50cb00663b, line 1: unreachable code after return statement
1595449909981	Marionette	INFO	Stopped listening on port 49959
1595449913369	Marionette	INFO	Stopped listening on port 49258
1595449920225	mozrunner::runner	INFO	Running command: "/Applications/Firefox.app/Contents/MacOS/firefox-bin" "-marionette" "-foreground" "-no-remote" "-profile" "/var/folders/0t/lkc7_sfs7s74yqb8qk_2v3jc0000gn/T/rust_mozprofileKELxvd"
1595449922505	Marionette	INFO	Listening on port 50179
1595449922587	Marionette	WARN	TLS certificate errors will be ignored for this session
JavaScript error: resource://gre/modules/URIFixup.jsm, line 281: NS_ERROR_FAILURE: Should pass a non-null uri
_RegisterApplication(), FAILED TO establish the default connection to the WindowServer, _CGSDefaultConnection() is NULL.
JavaScript warning: https://www.misim.gov.il/svinfonadlan2010/startpageNadlanNewDesign.aspx?ProcessKey=3e778b47-d2ae-4546-a992-fa50cb00663b, line 1: unreachable code after return statement
1595450004555	Marionette	INFO	Stopped listening on port 50179
1595450007912	mozrunner::runner	INFO	Running command: "/Applications/Firefox.app/Contents/MacOS/firefox-bin" "-marionette" "-foreground" "-no-remote" "-profile" "/var/folders/0t/lkc7_sfs7s74yqb8qk_2v3jc0000gn/T/rust_mozprofiletn1fIt"
1595450010197	Marionette	INFO	Listening on port 50310
1595450010286	Marionette	WARN	TLS certificate errors will be ignored for this session
JavaScript error: resource://gre/modules/URIFixup.jsm, line 281: NS_ERROR_FAILURE: Should pass a non-null uri
_RegisterApplication(), FAILED TO establish the default connection to the WindowServer, _CGSDefaultConnection() is NULL.
1595450093815	Marionette	INFO	Stopped listening on port 50310
1595450104863	mozrunner::runner	INFO	Running command: "/Applications/Firefox.app/Contents/MacOS/firefox-bin" "-marionette" "-foreground" "-no-remote" "-profile" "/var/folders/0t/lkc7_sfs7s74yqb8qk_2v3jc0000gn/T/rust_mozprofileOH6Pyv"
1595450107227	Marionette	INFO	Listening on port 50472
1595450107239	Marionette	WARN	TLS certificate errors will be ignored for this session
JavaScript error: resource://gre/modules/URIFixup.jsm, line 281: NS_ERROR_FAILURE: Should pass a non-null uri
_RegisterApplication(), FAILED TO establish the default connection to the WindowServer, _CGSDefaultConnection() is NULL.
JavaScript warning: https://www.misim.gov.il/svinfonadlan2010/startpageNadlanNewDesign.aspx?ProcessKey=3e778b47-d2ae-4546-a992-fa50cb00663b, line 1: unreachable code after return statement
1595450247458	mozrunner::runner	INFO	Running command: "/Applications/Firefox.app/Contents/MacOS/firefox-bin" "-marionette" "-foreground" "-no-remote" "-profile" "/var/folders/0t/lkc7_sfs7s74yqb8qk_2v3jc0000gn/T/rust_mozprofile5vsT4C"
1595450250053	Marionette	INFO	Listening on port 50616
1595450250145	Marionette	WARN	TLS certificate errors will be ignored for this session
JavaScript error: resource://gre/modules/URIFixup.jsm, line 281: NS_ERROR_FAILURE: Should pass a non-null uri
Exiting due to channel error.
Exiting due to channel error.
[GFX1-]: Receive IPC close with reason=AbnormalShutdown
Exiting due to channel error.
1595450272834	mozrunner::runner	INFO	Running command: "/Applications/Firefox.app/Contents/MacOS/firefox-bin" "-marionette" "-foreground" "-no-remote" "-profile" "/var/folders/0t/lkc7_sfs7s74yqb8qk_2v3jc0000gn/T/rust_mozprofileQsnjen"
1595450275088	Marionette	INFO	Listening on port 50693
1595450275100	Marionette	WARN	TLS certificate errors will be ignored for this session
JavaScript error: resource://gre/modules/URIFixup.jsm, line 281: NS_ERROR_FAILURE: Should pass a non-null uri
_RegisterApplication(), FAILED TO establish the default connection to the WindowServer, _CGSDefaultConnection() is NULL.
JavaScript warning: https://www.misim.gov.il/svinfonadlan2010/startpageNadlanNewDesign.aspx?ProcessKey=3e778b47-d2ae-4546-a992-fa50cb00663b, line 1: unreachable code after return statement
1595450303200	mozrunner::runner	INFO	Running command: "/Applications/Firefox.app/Contents/MacOS/firefox-bin" "-marionette" "-foreground" "-no-remote" "-profile" "/var/folders/0t/lkc7_sfs7s74yqb8qk_2v3jc0000gn/T/rust_mozprofiler6VieF"
1595450305536	Marionette	INFO	Listening on port 50792
1595450305574	Marionette	WARN	TLS certificate errors will be ignored for this session
JavaScript error: resource://gre/modules/URIFixup.jsm, line 281: NS_ERROR_FAILURE: Should pass a non-null uri
_RegisterApplication(), FAILED TO establish the default connection to the WindowServer, _CGSDefaultConnection() is NULL.
1595450317772	Marionette	INFO	Stopped listening on port 50792
1595450318468	Marionette	INFO	Stopped listening on port 50693
1595450414490	mozrunner::runner	INFO	Running command: "/Applications/Firefox.app/Contents/MacOS/firefox-bin" "-marionette" "-foreground" "-no-remote" "-profile" "/var/folders/0t/lkc7_sfs7s74yqb8qk_2v3jc0000gn/T/rust_mozprofileF7I248"
1595450417589	Marionette	INFO	Listening on port 50880
1595450417672	Marionette	WARN	TLS certificate errors will be ignored for this session
JavaScript error: resource://gre/modules/URIFixup.jsm, line 281: NS_ERROR_FAILURE: Should pass a non-null uri
_RegisterApplication(), FAILED TO establish the default connection to the WindowServer, _CGSDefaultConnection() is NULL.
JavaScript warning: https://www.misim.gov.il/svinfonadlan2010/startpageNadlanNewDesign.aspx?ProcessKey=3e778b47-d2ae-4546-a992-fa50cb00663b, line 1: unreachable code after return statement
1595450504222	Marionette	INFO	Stopped listening on port 50880
1595450507893	mozrunner::runner	INFO	Running command: "/Applications/Firefox.app/Contents/MacOS/firefox-bin" "-marionette" "-foreground" "-no-remote" "-profile" "/var/folders/0t/lkc7_sfs7s74yqb8qk_2v3jc0000gn/T/rust_mozprofileVnTpOf"
1595450510154	Marionette	INFO	Listening on port 51187
1595450510169	Marionette	WARN	TLS certificate errors will be ignored for this session
JavaScript error: resource://gre/modules/URIFixup.jsm, line 281: NS_ERROR_FAILURE: Should pass a non-null uri
_RegisterApplication(), FAILED TO establish the default connection to the WindowServer, _CGSDefaultConnection() is NULL.
JavaScript warning: https://www.misim.gov.il/svinfonadlan2010/startpageNadlanNewDesign.aspx?ProcessKey=3e778b47-d2ae-4546-a992-fa50cb00663b, line 1: unreachable code after return statement
JavaScript warning: https://www.misim.gov.il/svinfonadlan2010/startpageNadlanNewDesign.aspx?ProcessKey=3e778b47-d2ae-4546-a992-fa50cb00663b, line 1: unreachable code after return statement
1595450935613	Marionette	INFO	Stopped listening on port 51187
